Published:
Timestamp: 2024-03-24 23:36:27
Hash: b'\xc5\xd5\x12*\x8ez\xe5\xb5\xb2Y\x92\xa1\xf4[\xfdC-\xf9b\x83\xb1\x81< X\xf5q\xe51Gd\xa5'
Signature: b'\x8a_\xd5\x19\xc1\x9a@\xfb\xad.\x05\x94*\xd5\x15`\xa9\xf1\x1b\x90\x8b\xf4\xdf\xf9z2\xf7\xe1\xdc\xbeZ\xbe\x9e\xafe\xa8\x07+D\xca\xfd\xe3\x9c\x0ew\xad\xe1\x84\xac\x94\xc7\xde9\x03\x81\t\t\xb8\xdf\xf1pD\'\x8d\xca\xdf\xe6\xd4\xb0(\xaa\xc9w\x86S\x97e\xf9\xb7\x81\xdfsP\xeb\xe1\x18q\xeal\xd7-\x92P\xba\x02!\x83\xba\xa8\xe3\xe8\x9b\x88?;\xe37\xfe\xcd5\xb6\xd3\xef\xb0\xf5Wb\x00\xd21\x84w]\xac\xaa\xe8`M\xcaG$\xc6P\x94g\x8d\xb1\'%P\x11s`\xca\x1c|3\xf1{g>\xec\x85o\xfd\x0b\xdft\x8e\x95z\xda-\xa4\x9c\x16\x06\x1e\x82i\xa9\xed9t\x19\x17\x87w\xfb\xc4\xf3""\xd6\xd8\x90\xac#r\x14\xb2:)\xa5ls\xefYt\t\xcf\\\xeaj\xdb\xde\xe7\xe7H\xfc\xc1.\r\xf3\xba8e3\xa35\xd3\x95\'I\x8fa\xae\x82\xf6\xf7\xaf\x9dh\x18\x80\xaa\xc9\xa6\xa3?\xc2\xb4O\xc7\xb6M\xf9\x9f\xa3&A\x85#\x7f\xa0\x9d'

Published:
Timestamp: 2024-03-24 23:36:31
Hash: b'\xc5\xd5\x12*\x8ez\xe5\xb5\xb2Y\x92\xa1\xf4[\xfdC-\xf9b\x83\xb1\x81< X\xf5q\xe51Gd\xa5'
Signature: b'\xa6\x92kA\xc4\x96\xdfx\xf9\x03\xd0\xa1\xa6\x80\xc8\\-:\xd8\xcb\xa5\xac*8\xedz\x87\xb2o\x17}\x04\xaf;\xc0\xdf\xc5\xb7\xf2S\xec\xd39\x95\xe5\xf8\xc7\xa4\x06Qe$\xaao+EG\xeao>\xc8E\x88\xe3y< 8\xbdg\x8d0\xff\x98\xae\xf5\x83\xe9D\x96\xb3\xc7s9$@\xaeH\xccF\x0b\xa1\xe4D\xcd\xddUV\x85g8/\xcb\x13{\x924H\xfb#\t\xc5\xcfF\x98!\x91j\xfe\xdc\xa0uR\xbcX\xb9\x80\xc9\x89\x0c\x13V\xecA W\x98\xcf\xd7\xb4\xd8\xd1\xa4\xef>\x84\xb2"N\x99\xfb\x0c\x98j\x03\xa8\x1f\x88\xe1<\x12\x9b\xfa\x98\xbb\xfb\xe0\xc1\x82\x19\r=\xe1ql4\n\x16\x01\xdf\xc7\xbe;\xcc,d\xd8:\x81O\xbb\x95\xd2\xe1%\xe4R$l\xa3\x9a\x00\x07m@\xf0w\x9eY\xbf\\\x85S\xe72\x8c\xede\x89\x06jk-l\xff\xf93\xb4k/\xaf@W\xe6\xddl+\xc2\x9b\t\xdd\x9d\xd7\x84/\x12\x18\xea\xb0\x81s\xcdv\xd2\xc6\x9a'

Published:
Timestamp: 2024-03-24 23:36:35
Hash: b'\xc5\xd5\x12*\x8ez\xe5\xb5\xb2Y\x92\xa1\xf4[\xfdC-\xf9b\x83\xb1\x81< X\xf5q\xe51Gd\xa5'
Signature: b'\x06\x97\x1f\x9a\xd6\x94\xbceR(F\xbf\xa36\xec\xfe\xd73\x95\xff\x92\xcd\xf8\xe7t\xbe\xc2\x9f\xef-\x86\x12\xfb\xae\x9b[\xfd\xee\x8cY\xf4p>\xa0\xd2\xf5x\xb3\x82\xbd\x024\xf1\xda\x90^\x81\x80,3"[k9c\x98e\x9e\xea\xbd\xb7\x1a\xd9\x01\x93\xf1\'s\xf2{\x8e\xf2\xa6\xf9\xf6dP\xd3\xcd\xd9\xe8\xb9\x96,~\xb0\xb6vY)\xec\x00v\xf1>\x03d^\'*\x08\xe2\xb4UB\xff*\x1fz\x03\x0c\xafe\xe7|\xfe\x8e\x98!q\xb1Q\x10\x86\xe7\xd9kfT~\x02K<@X}\x1a\xf1p\xb3S\x0e\xdc\x8d\x10\xda\x8f\x06\x99B\xe2\'J7"\xc4\xeaG`\xb2\xba\x1f\x87\x0c<\xa5i\xa7\xfcH\xc7\x97\xd6\x9a\x1eq\xff\t\xe5\x844\xe36\xee\xaa\x1d\xc1\xf0@\xfe4b\xbf\xeb\\2\xc7\x865\xd0\x9a\x08\xd8\x1a\x86\xd3\xf7I${z\x1b\xb1~\xa6m%(\x81\xaf\xaa`(@[(\x84;\xe7\x13\x95!\x85\xd52\x04\x11e5\xae\xf6\xef\xc4\x13T\x9f'

Published:
Timestamp: 2024-03-24 23:36:39
Hash: b'\xc5\xd5\x12*\x8ez\xe5\xb5\xb2Y\x92\xa1\xf4[\xfdC-\xf9b\x83\xb1\x81< X\xf5q\xe51Gd\xa5'
Signature: b"U\x9e6F,\xb7G\xde\xe9\x0cA\x84\xab\xa1\x05I\xa6\xb8\xf4\xe2|\xb6\xd7yMWe\xca\x9e9\xae\x869\x12\x19\xe4=\xbe\xbc\xa3OY\xedU\xbbJ*\xd3\x03\x87|<-\xba\xfa,\x961H\xf1p\x9a:O\xe5C\xbf\x03[\xb4\x02}\x1do:\x10\xb5\x04q;W\n\x9a\xee;\x8f?\x94m\xfcQ\xa9`X\xdd\x08\x9a\xc6\xf2\x91\xa9uGb]\xd6\x11\x96/\x0b\x02\xe9@\xc6\x1cy\x18\x96J\x1f\xbd\xc4\x95Q\x86,\xc4v\x17\xed\x92\xf7\x1dE\x86\xfd>#\xd4\x85\xfeI'l\x16!\x0c+\na\x91\x06{\x11\xcb\x14\xbe<\x8c{\xd8Ol3\x88R|\x05\x88\x0b7\xba\x11\xf1\xf6\xff\xe49\xf9\xe0/\xe2\xee\xc5\xf1\x02Z\xaa\x9eh\r\x12!4\xb8o\x86\r\x86'\r\xab\xf4\x82\xde\x11\xb4\x1fy~\x0c\x95\x1b\x9e5!\x88g\xc3\xc4~\x11\x05Z\x8a\xd8T\xce\xdb{\x8b)f`\xf7\x03\xb5\x8a\x81R\tK\xc9\xbb\xf9\xc7P{R\xd8\x98\x10\xb8\xb1\xc4y"

Published:
Timestamp: 2024-03-24 23:36:44
Hash: b'\xc5\xd5\x12*\x8ez\xe5\xb5\xb2Y\x92\xa1\xf4[\xfdC-\xf9b\x83\xb1\x81< X\xf5q\xe51Gd\xa5'
Signature: b'\\\xa1\x96\xf6r,p\x94\x02\t\x0e[\xdd2\xd4fY\xff\xe1\xea^B\xf7\xaf\x0bq\x90K\xac\x0b\xb3\x9a[\xb1\xb9~.Z}z\x84\xd7v\x92\xde\xa6\x17\xe0\x83)\xbb%\xe0>\x88\x81\xf5\xdf\t\xf6\xe5\xd1\x93\xa0O\xc7\x1f\xfe\x87\\\x19StD\xea\x0cAiQ\xc2\x93g\x94\xc0\x1b~\xa9:\x1aU\xe4\xb1\xc1\x16\xa2\xbe\x9d\xd2\xd7c\x07\x83Q/0\xb1\x9b\xdaJ?\xf68Lz\x8e\x9aP\xde\xd5\xa2"\xa7)\x07\xa8\xc3\x87_\xe8\x82.\x86S\xf7\xee\xe8\x08\xc5\xfd\x8b\x1b[\xab\x97\xf0\x0f\xf6\xfd\r\xa0\xa8\xefMS\xd4*\xbf\xdb\x12%\x89."k\xad\x8c\x97\x95\x05\x96\xcb\x0e\x8e\x00\x9a\xcfj1+o\xf5\x8e\x18\x99\xe0\x98\xa7\x7f\'z\xb63\xa9q\xf8,\xce,\xaed\x99@\x83\xf7\xe3k\xf6_iY\x8e\x15\xe2\xd6\x95\xb6\x03\xd9x\xaa\xdb\x95|\xfa\xd8V%\xae{ \x03\x06\x96\xbb\x86\x06\xf4\xd2\x05\xf3i\xf6\xe7\xf9\xbf{\x9b\x96\xc3\x864\x81\x87\x92\x19i'

Published:
Timestamp: 2024-03-24 23:39:30
Hash: b'\xc5\xd5\x12*\x8ez\xe5\xb5\xb2Y\x92\xa1\xf4[\xfdC-\xf9b\x83\xb1\x81< X\xf5q\xe51Gd\xa5'
Signature: b'~}d\xa2\xd1eGw\xf5\xb3cn\x18\x0cV=\xfd-R}m\xb1riT(\xcf]\xcbE\xdcT\xb0\x99bS/Z\x07\x92T#U.\xe0\x02\xac\xab\x13\xf0o"\xfa\xba\x139\xda=\xa5\x08\xfd\xa3Yy\x17\xfc\x81\t\xe4\x8f\x81\xcc=\xa9\xb8R\x9a\xcaO\x92\xf9\x0e\xdc\xbfh\xe8\xf2\x16\x1f\x98\r}\xc6\xae\xedQ\xb8o\x16\xe4[\xfe\x85GS\x86c1VU\xd0Z\xc3\xd2\x04\xdd\xd0\x0fy\xee\x19\xe9Uf\xaa\xba\xba?@\xa5 \xc51\xd5\x9e\xf2h\x82\xc5\x12\xa3\x18\x1fjMG\n\x02\x96\xb1\xa6\x97\xf4\xe9\xff\x93i\x04\x8cq\xca^\x08\xf4\x19\x14\xd5yG\xf8\xd1\xac84\x93\xa5\x00\r\xb4\x12\xe4b;\xd8\xddH\xe7\xd1U&\xed\x81\x1f\xb4\xb9\xa2\x01\x9e0\xdc\xc8\xe4\xd8\x91\xc0\x9c\xdb\xbe^\xf9;\xc8{w\xf2\x15\xcb\x95f\t\xc7\x8d\xed\x9f\x87\xb0\x03\xc5\xd3\xee\xdb{\x11\x08\xebo\x14\x9d\xcc\x07o\x82\x1b\xeeI0z/\xae#p\xe88\xb7\xb2J'

Published:
Timestamp: 2024-03-24 23:39:34
Hash: b'\xc5\xd5\x12*\x8ez\xe5\xb5\xb2Y\x92\xa1\xf4[\xfdC-\xf9b\x83\xb1\x81< X\xf5q\xe51Gd\xa5'
Signature: b"C\xab\xb6^F\xd04\xcf\xd9\x03\xeb\x89\xeeJ\xd9\x9b\x89\xb8X\xbf\xb1A\xd8l\xa0\xa7\xd0\xd6\x1a+iT\x93\xf3\xfcw\xfa~{\xb1l\xe6\xb4m\xf1Zn\xce\x86#\xafe\xeb;\x9d\xd4\xea\xb1\x7f\xe3F\xb0[\x19R\xd9\x1a@Z,\xe1\xf7\x91'\xcb\xb8\x0c\x04(J3\xcb\x01`\xcc\x0f\x92\x0e\xf1\x15Cs\xe3s\x85\xe3_^\x8c\xa4u\xe0X'\xd16J#\xf2u]A\xc8\xe2^\xbd=I\x99\x94\x83\x81\x13\xbc\x8f\\B\xc55\xac(\xbfa\x95\xd6.\xce\xf5\xa8\xf3\xb8\xfdxu4-\x1a\xd6\x19\x88\xe5\x18j~_i\x8b\xc4G\xae]\x1d\xa6\xfb\xe2D\x10\xb0\xc3\xf04p\x1eJQs|\x80S\x05\n)E\x1e&z\xa00\x14\xda\xa6~\x97!0\xe83C~|\x01|Y\xab\xc1B\xd8\xab\x8b\xc9\xa4mU\xcf\xe1|k\xb1\x04c\x82\x98gc4j\xea\xae\xa9\xb8~3\xd0\x01|L\xc2c\x9f\xfa\xae<\\\t\xed\xbami\x94k\x08\xee(v\xd2\xa8"

Published:
Timestamp: 2024-03-24 23:39:39
Hash: b'\xc5\xd5\x12*\x8ez\xe5\xb5\xb2Y\x92\xa1\xf4[\xfdC-\xf9b\x83\xb1\x81< X\xf5q\xe51Gd\xa5'
Signature: b'C\xef\x96\xf4dT7\t\x90g\t/~\x0c\x8f\xb9\x9d\xc6\xd8\x9e\xd8\x83p-\x93\x8fn\xeex\x18b\xf4\xa0m\x8e\xb5\xc6UT\xc3\x9c\xcf\xb2G\xd7\x83\x98\xfcg\xd1\xb9\x1d\x92\xb3\x1a\x954\xd3\xb6\xbe%\xc6k\x97\xe3M0\x81\x96\xae\x82\xb0W\xd9\x92\xc0\xdc\x97\x1cO\x18\xc6j\xee\n\xcc\x1b\xc7\x10<\xec\xae\xce\xd6\xa5$\xb9\xc3\xad\xef/m\xcc9\xf1\xde{F\xbc\xdb\xa4\x82\x9bsy\xb6\xb2\xb3e4\xa7\x12w\x9d;(G\x1e\xd8\x19\x9a\x06\xd7\xf1\xe5d\'j\xed\x0b\x14\x8bM\xcc\xed<K%\xdc\xd2\x10\xee"\xc9\xd6\x07]q9\xab\xcf\xe5\xe2\x16\xcc\xa1*\x99\x0e{\x10v\xc5\x98\xbawhe\xb4\xae\x847\xd8\xf5\xdc\xcf\x98\xa5\xb5\x06\x8e\x00\x1c\xde.y3\x80Ju\xcb\xd1K\xd9\x11-\x9f4\x85\xa5\xbb\xf8\x98]\x1a\xfd\xc3\x15\x02(\x03n\xc3\\*\xad\xb1\x16`\x80<\x8eb\xd7-p\xdf\x11s\xf2\xa4%\xd5\xdb\xe2\xca\xb8V \xbc\xf4\xa3\xe0\xedt\xfa'

Published:
Timestamp: 2024-03-24 23:39:43
Hash: b'\xc5\xd5\x12*\x8ez\xe5\xb5\xb2Y\x92\xa1\xf4[\xfdC-\xf9b\x83\xb1\x81< X\xf5q\xe51Gd\xa5'
Signature: b'\x8e\x03\xd8\xabY\r\xffb\xbc4<\xf3?N\xca\xec\n\xef\x8fb\xa6#\xc7$\x1a\x99"\x87\xef~)\x11\x06\x1a\x99\xc3d\xeaVO\xf8\xff\xaf\xa6F/\x10m\xb6\xb8\xb2\xe3C&\xfd\x11\xcd\x88rt2\xf8\x17\x07\xfda\x1f\xe1\xd53|\xef\x0b\x8d\x1cG\xcc5~nB\xb0\xf8\x83\x1em\xca\x956\xf9# N$U\xf7\xaa\x8d\x9d\xde\x8a\x9d\xe1\x8b\xdb\x1e\xcd\x0f8\xd2\x86\xe8L\xbf\xf5\x19\'\x03n\x91A#\x8a\xc7\xa8\x91\xc9\x0e\x06\xc5@O\x93K\xfe\\I-\x05\x10\xe9\x93o4\xb5\xe0\x19\x8a\x97m\xeb9\x8c\xce9b\xe0\xd3W\x86\xf3\x1c\xaf\xe4\xd5\xb4\xf1\x86\xf4]kV\xf3uL\x99\xaf\xab`\xaaF\xd8\xe9\xe6\x07\xec%\x01\xbc\x99I\x92rBJV\xd1\x1f\xe7\xbe\xe7m\xee\xfe"\xa9\x7f\x06\x1f\xf37\xa5[XmE\xc4\xeb\x85\x82\xb4a+8\xb6\xd9\xb2\x18\x9d\x1e:\xe4\xaen\x0f)\xdc1\xde\xff\xcbr\xd0}\x86\x06+k\xd8F\xd4\xba\xa6\xb5a\xe6'

Published:
Timestamp: 2024-03-24 23:39:48
Hash: b'\xc5\xd5\x12*\x8ez\xe5\xb5\xb2Y\x92\xa1\xf4[\xfdC-\xf9b\x83\xb1\x81< X\xf5q\xe51Gd\xa5'
Signature: b'1}\x14S2%o\xed\x8f\xae\xd9?c#\xc5\xc2~P\t\xe65\xc9\xd1\xb7\xffI[\x01\xa6f\x8c\x19d\x8e@\x8d\x85v\x86\xe9\xd0\xc5\xfa-7\xd5s?3\xb27(\xba\xae\x95\xcc3cM\xb2jH\x9d\xf7-G\xdb\xe6I\x07F\xc3\xea\x0b\x8dM\x12<5\xa7\x8f~\x0f\xc0\xc9\x12|D\xea\xa1\x08s5\x94\xfa\xd1\xb9\xd6\xeb\x067\xce\xec\xc8Ld\xbd\x86\x18px.\x04\xdd\x15K\xbb\x81}\x17\xfe\xd5\xf3oO8EO\x19\xa9\xd3I\xcb\x99R\xb1\xd9\x1d\xf93\x17:\x01O\xfe\xb0\xc1\xc8)\xd02wl\\\xe6!o\xbcr\x1a\xae\xe5 \x8f\xf0\xe9\xea\xf2\xee\xe2\x07-\xfa/\xfa\xef\xc2\x8bv\xccE\x195\xe8]&<`\xc5\x061C\xea,\xc2BY\x92\t\xb0\xd5~Br\xe7\xd4\x16\xa2\xe0\xbb/F/)d\x1b:\xaa\xec\xf7\xec\xd8\xf0\xcd\xe39*\xb7\xbeUI\xafp\x92\x96\x135\xf2\xfb\xcf\xce\xd1h\xe02o\x07P\xfe\x1b\xc9E\xbc\x92\x95\xce'

