Published:
Timestamp: 2024-03-24 22:56:00
Hash: b'\xa6\xf2\xa4\xa6\xb3\xa6m\xbdo\x9fK\xe4\xf0\xab\x85\xd6P<?\xc7.\xd1\xabAz\x8b\x97F"\x1fI\x90'
Signature: b'l\r\xb3-,\x8e\x82\x07\x11H\x16`+\x17\xb5\xe41\xbe\xb8<6j\x10\x85n\xb90|\xfau\xbc\x9a\xf5\xe7\x9e6AFn\x16\x15\x8a\xc2\x80r\x82\x08\xa95\xceV\x19\xa3\xdd^f\xef\x87\x1f\x80\xc3]\xf7|\x83\xf1a\xd3\tU\x8c\xd7v\xc6\x83\x86\x1eq\xa6\xe1K\x15-\x03\x06\xa8\xbb\xa4G\xef\xef\x9eN{[\\\t]\xcb\xca\xe3%\x81\x94\xc8\xbb\x81HUE~M\xe1\xe5\xe4x}\xab,@\x97\xa2y\xea\xe5\x03u\x82w\xfb\x1fL[ .1Q\xa3\xb1C\xa9:\x94\x1c\x1f\xc3\xdex\x01\xfc5*o \xd7\xfbF\xbe\x10XO*k\x07\x9f\x8e\x1dc\x98\xda\x86\x1a\x88\xea\x91h\xfa\x9bi\xfa\xcdc\xea\x0f7\xd8\xf2\xb2\xc2\xd2L\x84\x85\xady~\xd9R\xb6u\xdb0c\xed2\x90\xfau^q0-\x9d\x0f\xb7\x94e{\x9b;\x89\x88\xd7F\x1a\x1dp\x83\x12\xe9\x8a\xbd+\xe0\xeb\x92\xbb`cv\xfb\xc2vw\xf9Q\x1a/\xe3\x873\x19\xeb%I\xea'

Published:
Timestamp: 2024-03-24 22:56:04
Hash: b'\xa6\xf2\xa4\xa6\xb3\xa6m\xbdo\x9fK\xe4\xf0\xab\x85\xd6P<?\xc7.\xd1\xabAz\x8b\x97F"\x1fI\x90'
Signature: b'\t<\xcd^jU\x12\x07\x99l\x19\xf9h!M\xc8\xc1\x15p\x96\x99\xebj\x92\xfa\xe6{s\xd6\x87\xc7\x91x\xb1jG\x96\xbd\r+\xa7\xda\xa3\xd7\x8c{\xd3\x98\x84f\xabun-.\x13s\xc2\xe279\xfc\xee\n\xcf`\xc8s\xfa\x9e\x10\xdf4\x07/\xb4\xabA\x7f"\xe2\xee\xd2\xa6\xb3\xa7\xe0\'~_\x7f\xdc\xbeP\x13kV\xf5m\x1f\xfe\x1c\x1f\x97\xe8Jk\x94\xe3Z\xd1\xe5yAS\x04\x1a\xb8\xaci\x1cA&\xd3\xe0\xee\x8c>\n\x18o\r\x88\xd6\xa2J\xe5\xf7\xfe\x89\xde\xe60=?\xd5\xd5I\x8c\xcd\x83\x93\xd0\x99\xcb\xea\xe6X\x11!\xb5\t\x1fl\n\x89\x0e\xa7\xc9\x19\xe6\x154\xb1 ;\x00y\xb0,i{\xfaM\r\x89\x80o\xa2\xd7\xe3\x01S&\x15\xec\xfc\xf4\x8f\n\xd1\xb2\xa9U\xa4\x17\xe7\x84\xf7r\xd2\x12\xebA\xcc\xb3L3\xef,8\xce}\x8e\xbes\x8b)\x11\xecZ7\xbdp(\xbc\r\xec\xf9\xa5x-ta$\xf82\xaag\x963kN\x90\xc3\x1c'

Published:
Timestamp: 2024-03-24 22:56:07
Hash: b'\xa6\xf2\xa4\xa6\xb3\xa6m\xbdo\x9fK\xe4\xf0\xab\x85\xd6P<?\xc7.\xd1\xabAz\x8b\x97F"\x1fI\x90'
Signature: b"6\x81\xbc\r\x9dY\xdduJO\x19\xb0r\xf2TO\xbd\xb4\xc6\xb5M*\r]\xc9\x9a\xa1\x8e\xec\xb3\x01#\xe01i\xd0^\x928;\x96R\xc7=\xd8\xe5X\x05\xf3\xed}D0\xb9;\x1bD\xe3\xae,\xf3t\x0eO\xd7\xd3\t\xef\xd3\x12l\xb2\xaa$\xb4\xfc\x94\xcf\xb2\x00\xb4\xe7$/\x8fO\xd5I\xfc\x94\x13\xb3\x12\xb1M\x18\xf7\\\xd1\x0c/\x14\x9b\x0e\x1a\xe1\x19\x81\xe1~\x17u*j\x96T\xe7\xd6f\x94\x88\xc6\xdf\xa1\xa7\x95jd\xe7\xd6\x92\x0bd\x83\x04\xcfR\xc0\x94\xb1 z\xab\xfa>u\xa7\xe6\x81\x1c\xed\xaa\x14\xe1\x11\xeaew2\\\xf5g\xd8\x02\x16\x8bRy\xfc1\xa0\xe3\x98\xcd\xa1\xe2+0g\xfd\x81&\xfb[X\xc2\xb0\x05h\xccV\xfc\xc4{$B\xd0\x82:}a\xe4`\x1e5 \x85\xe7d\xc1\xc2\xff\xe8=\xab\xfe\x1e6Z!Q\xdd\xaf\x83\xc4\x03\xa0q\xc4%u\xbe\x1b\xf9\x9cEL\xb2\xfe\xde\xac\x0c'\xdd\xe9k\xc9U.\x89ngZ\xff\xa7\xaf"

Published:
Timestamp: 2024-03-24 22:56:11
Hash: b'\xa6\xf2\xa4\xa6\xb3\xa6m\xbdo\x9fK\xe4\xf0\xab\x85\xd6P<?\xc7.\xd1\xabAz\x8b\x97F"\x1fI\x90'
Signature: b'=\x144\xb7\xfcv(\xbfZ\xf2\xc0\x11\xe8U\x84\x00\x98{\xf9_\xa0\x15i\xbd\xcc\x0b\xafX\x9dT4\x1e\xbc-\x02\xeb\x00\x98\x8b\x00\xaai;\xdaY\xfbo\x18Df\x02\xa6\xf7\x9f\x99k\x81\xae\xdf;#lw.A\x97\x82\xba\xb3\xc4\xefV\xc3\xa5\xedV\xa9\xceu"\xfd\xe13%\xd8\n\xbc\x0c]\xc8\xef[\xa1\xfe\x98\xa3\x14\x9d]\x07J\xfb\x191qf\x0e\xdd\x1d&\xa6\x12\nI\x84\xa8\x88\x99U\xf5;`\xb7\xad\x0e\xb3\xe9{\x06{\x16\xee\x84\t\xcd\xb1\x90t\tX\x99\x82\\\xadw\xe8^R\xb9\xf7\xa7\x89\x80\x87\xad\xa5g\x95t\x88\x95/\x0f\xd7\xa3LB\x1a\xf4\x8e2\xf7\x97\xdd\x0fQf\xce\xdb3B\xda\xa5k\xae\xd8%\xbb\xd9\xef\xfc\xa6x\xf8l,\xd4\xc2\xe8\x8d\xe5\xef\x87\xdd|ud3\x8e\xac\x90n\x1e\x17\x00\x1a\xb3\x9d\xc7\x1f7u\xdf\xfc\x95\xdc|\xeb\x82\xab\x06\xe9\r \xe4\xc2Zd\xa5\x92\xd5\x95\xde:\x9dM\xba\xf8q\x88\x19\x10\xb5i7T'

Published:
Timestamp: 2024-03-24 22:56:15
Hash: b'\xa6\xf2\xa4\xa6\xb3\xa6m\xbdo\x9fK\xe4\xf0\xab\x85\xd6P<?\xc7.\xd1\xabAz\x8b\x97F"\x1fI\x90'
Signature: b'nB\xb4c69\x01D\x95\x04\x00\x01\xce\xbfY\xf8\xf0\xe33\xba\xec\xbd_\xc9\x8eQ\xe5\xd4VN\x97\xe2v\xa8R{\xad\xda\xb7\xdb/\x00\xb2v\xdf?E\xa8\xf7Bm\x0c\xa7z\xdd*\xa6\x18\xbb\x1b80x;|i\x99\xc1)J\xb6\x16\xbc2~\x99\xd5\xd3 ,\xe0\x1b\x93\xa1\x94:dTm\x03\xcf\xbeF\x81\x98\x96\xdd\x9d~,\x15\x96Aq\xe9\xea\x9aMq\x12\x81\x93\x94^\x88\xc4n\xa9\xac12o\xc3m\x81$\xcd\xbb\xfa\xda\xc0[F\xdd\xfdw\xcf/1\x95\xc1\x943H\x81\xb1\x9d\xec\xc5l\x06\x1b8\xf4\xcc\xe1\xad;\xa6\xb7\xf6YR;\xea\xdb\xb7\xa9\xc4\xa5\x84\xd7\x0e\xf4\x7f\xac=\xd7\x80(\x89\xe6\xd5\x80_&\x88\xa9\xaf\x01p\xc1Y\xf0E\xd5\x97\xd1\xccA\xcea\xcd\x17\xe7\x8fs\xbb\xf4\xf1\xceEY\xc1\xa5\xa5`\x8f\x121G;\xbf\x9f5a\x19V\xf0E"\x96w\xe8J\xbfn\xfbagM\x1cn\xfe\xf9\xbb\xe0\x92Hd<\xf6\xc5\x84?O'

